# JRE version: Java(TM) SE Runtime Environment (7.0_45-b18) (build 1.7.0_45-b18)
# Java VM: Java HotSpot(TM) 64-Bit Server VM (24.45-b08 mixed mode windows-amd64 compressed oops)
Heap
 PSYoungGen      total 34304K, used 21180K [0x00000000ebb00000, 0x00000000f0d00000, 0x0000000100000000)
  eden space 31744K, 58% used [0x00000000ebb00000,0x00000000ecd35300,0x00000000eda00000)
  from space 2560K, 99% used [0x00000000eda00000,0x00000000edc79dd8,0x00000000edc80000)
  to   space 10240K, 0% used [0x00000000f0300000,0x00000000f0300000,0x00000000f0d00000)
 ParOldGen       total 41472K, used 18375K [0x00000000c3200000, 0x00000000c5a80000, 0x00000000ebb00000)
  object space 41472K, 44% used [0x00000000c3200000,0x00000000c43f1e58,0x00000000c5a80000)
 PSPermGen       total 21504K, used 13500K [0x00000000be000000, 0x00000000bf500000, 0x00000000c3200000)
  object space 21504K, 62% used [0x00000000be000000,0x00000000bed2f398,0x00000000bf500000)
GC Heap History (10 events):
Event: 1.586 GC heap before
{Heap before GC invocations=1 (full 0):
 PSYoungGen      total 18432K, used 15872K [0x00000000ebb00000, 0x00000000ecf80000, 0x0000000100000000)
  eden space 15872K, 100% used [0x00000000ebb00000,0x00000000eca80000,0x00000000eca80000)
  from space 2560K, 0% used [0x00000000ecd00000,0x00000000ecd00000,0x00000000ecf80000)
  to   space 2560K, 0% used [0x00000000eca80000,0x00000000eca80000,0x00000000ecd00000)
 ParOldGen       total 41472K, used 0K [0x00000000c3200000, 0x00000000c5a80000, 0x00000000ebb00000)
  object space 41472K, 0% used [0x00000000c3200000,0x00000000c3200000,0x00000000c5a80000)
 PSPermGen       total 21504K, used 6319K [0x00000000be000000, 0x00000000bf500000, 0x00000000c3200000)
  object space 21504K, 29% used [0x00000000be000000,0x00000000be62bce8,0x00000000bf500000)
Event: 1.594 GC heap after
Heap after GC invocations=1 (full 0):
 PSYoungGen      total 18432K, used 2544K [0x00000000ebb00000, 0x00000000ecf80000, 0x0000000100000000)
  eden space 15872K, 0% used [0x00000000ebb00000,0x00000000ebb00000,0x00000000eca80000)
  from space 2560K, 99% used [0x00000000eca80000,0x00000000eccfc010,0x00000000ecd00000)
  to   space 2560K, 0% used [0x00000000ecd00000,0x00000000ecd00000,0x00000000ecf80000)
 ParOldGen       total 41472K, used 1811K [0x00000000c3200000, 0x00000000c5a80000, 0x00000000ebb00000)
  object space 41472K, 4% used [0x00000000c3200000,0x00000000c33c4dd8,0x00000000c5a80000)
 PSPermGen       total 21504K, used 6319K [0x00000000be000000, 0x00000000bf500000, 0x00000000c3200000)
  object space 21504K, 29% used [0x00000000be000000,0x00000000be62bce8,0x00000000bf500000)
}
Event: 1.945 GC heap before
{Heap before GC invocations=2 (full 0):
 PSYoungGen      total 18432K, used 18416K [0x00000000ebb00000, 0x00000000ecf80000, 0x0000000100000000)
  eden space 15872K, 100% used [0x00000000ebb00000,0x00000000eca80000,0x00000000eca80000)
  from space 2560K, 99% used [0x00000000eca80000,0x00000000eccfc010,0x00000000ecd00000)
  to   space 2560K, 0% used [0x00000000ecd00000,0x00000000ecd00000,0x00000000ecf80000)
 ParOldGen       total 41472K, used 1811K [0x00000000c3200000, 0x00000000c5a80000, 0x00000000ebb00000)
  object space 41472K, 4% used [0x00000000c3200000,0x00000000c33c4dd8,0x00000000c5a80000)
 PSPermGen       total 21504K, used 7911K [0x00000000be000000, 0x00000000bf500000, 0x00000000c3200000)
  object space 21504K, 36% used [0x00000000be000000,0x00000000be7b9ed0,0x00000000bf500000)
Event: 1.956 GC heap after
Heap after GC invocations=2 (full 0):
 PSYoungGen      total 18432K, used 2539K [0x00000000ebb00000, 0x00000000edf00000, 0x0000000100000000)
  eden space 15872K, 0% used [0x00000000ebb00000,0x00000000ebb00000,0x00000000eca80000)
  from space 2560K, 99% used [0x00000000ecd00000,0x00000000ecf7ae60,0x00000000ecf80000)
  to   space 2560K, 0% used [0x00000000eca80000,0x00000000eca80000,0x00000000ecd00000)
 ParOldGen       total 41472K, used 7007K [0x00000000c3200000, 0x00000000c5a80000, 0x00000000ebb00000)
  object space 41472K, 16% used [0x00000000c3200000,0x00000000c38d7df8,0x00000000c5a80000)
 PSPermGen       total 21504K, used 7911K [0x00000000be000000, 0x00000000bf500000, 0x00000000c3200000)
  object space 21504K, 36% used [0x00000000be000000,0x00000000be7b9ed0,0x00000000bf500000)
}
Event: 2.417 GC heap before
{Heap before GC invocations=3 (full 0):
 PSYoungGen      total 18432K, used 18411K [0x00000000ebb00000, 0x00000000edf00000, 0x0000000100000000)
  eden space 15872K, 100% used [0x00000000ebb00000,0x00000000eca80000,0x00000000eca80000)
  from space 2560K, 99% used [0x00000000ecd00000,0x00000000ecf7ae60,0x00000000ecf80000)
  to   space 2560K, 0% used [0x00000000eca80000,0x00000000eca80000,0x00000000ecd00000)
 ParOldGen       total 41472K, used 7007K [0x00000000c3200000, 0x00000000c5a80000, 0x00000000ebb00000)
  object space 41472K, 16% used [0x00000000c3200000,0x00000000c38d7df8,0x00000000c5a80000)
 PSPermGen       total 21504K, used 9466K [0x00000000be000000, 0x00000000bf500000, 0x00000000c3200000)
  object space 21504K, 44% used [0x00000000be000000,0x00000000be93e910,0x00000000bf500000)
Event: 2.434 GC heap after
Heap after GC invocations=3 (full 0):
 PSYoungGen      total 18432K, used 2546K [0x00000000ebb00000, 0x00000000edf00000, 0x0000000100000000)
  eden space 15872K, 0% used [0x00000000ebb00000,0x00000000ebb00000,0x00000000eca80000)
  from space 2560K, 99% used [0x00000000eca80000,0x00000000eccfc8a8,0x00000000ecd00000)
  to   space 2560K, 0% used [0x00000000edc80000,0x00000000edc80000,0x00000000edf00000)
 ParOldGen       total 41472K, used 13289K [0x00000000c3200000, 0x00000000c5a80000, 0x00000000ebb00000)
  object space 41472K, 32% used [0x00000000c3200000,0x00000000c3efa5c0,0x00000000c5a80000)
 PSPermGen       total 21504K, used 9466K [0x00000000be000000, 0x00000000bf500000, 0x00000000c3200000)
  object space 21504K, 44% used [0x00000000be000000,0x00000000be93e910,0x00000000bf500000)
}
Event: 6.979 GC heap before
{Heap before GC invocations=4 (full 0):
 PSYoungGen      total 18432K, used 18418K [0x00000000ebb00000, 0x00000000edf00000, 0x0000000100000000)
  eden space 15872K, 100% used [0x00000000ebb00000,0x00000000eca80000,0x00000000eca80000)
  from space 2560K, 99% used [0x00000000eca80000,0x00000000eccfc8a8,0x00000000ecd00000)
  to   space 2560K, 0% used [0x00000000edc80000,0x00000000edc80000,0x00000000edf00000)
 ParOldGen       total 41472K, used 13289K [0x00000000c3200000, 0x00000000c5a80000, 0x00000000ebb00000)
  object space 41472K, 32% used [0x00000000c3200000,0x00000000c3efa5c0,0x00000000c5a80000)
 PSPermGen       total 21504K, used 10487K [0x00000000be000000, 0x00000000bf500000, 0x00000000c3200000)
  object space 21504K, 48% used [0x00000000be000000,0x00000000bea3df08,0x00000000bf500000)
Event: 6.992 GC heap after
Heap after GC invocations=4 (full 0):
 PSYoungGen      total 34304K, used 2535K [0x00000000ebb00000, 0x00000000edf00000, 0x0000000100000000)
  eden space 31744K, 0% used [0x00000000ebb00000,0x00000000ebb00000,0x00000000eda00000)
  from space 2560K, 99% used [0x00000000edc80000,0x00000000edef9eb0,0x00000000edf00000)
  to   space 2560K, 0% used [0x00000000eda00000,0x00000000eda00000,0x00000000edc80000)
 ParOldGen       total 41472K, used 17715K [0x00000000c3200000, 0x00000000c5a80000, 0x00000000ebb00000)
  object space 41472K, 42% used [0x00000000c3200000,0x00000000c434cf80,0x00000000c5a80000)
 PSPermGen       total 21504K, used 10487K [0x00000000be000000, 0x00000000bf500000, 0x00000000c3200000)
  object space 21504K, 48% used [0x00000000be000000,0x00000000bea3df08,0x00000000bf500000)
}
Event: 234.742 GC heap before
{Heap before GC invocations=5 (full 0):
 PSYoungGen      total 34304K, used 34279K [0x00000000ebb00000, 0x00000000edf00000, 0x0000000100000000)
  eden space 31744K, 100% used [0x00000000ebb00000,0x00000000eda00000,0x00000000eda00000)
  from space 2560K, 99% used [0x00000000edc80000,0x00000000edef9eb0,0x00000000edf00000)
  to   space 2560K, 0% used [0x00000000eda00000,0x00000000eda00000,0x00000000edc80000)
 ParOldGen       total 41472K, used 17715K [0x00000000c3200000, 0x00000000c5a80000, 0x00000000ebb00000)
  object space 41472K, 42% used [0x00000000c3200000,0x00000000c434cf80,0x00000000c5a80000)
 PSPermGen       total 21504K, used 12115K [0x00000000be000000, 0x00000000bf500000, 0x00000000c3200000)
  object space 21504K, 56% used [0x00000000be000000,0x00000000bebd4d48,0x00000000bf500000)
Event: 234.748 GC heap after
Heap after GC invocations=5 (full 0):
 PSYoungGen      total 34304K, used 2535K [0x00000000ebb00000, 0x00000000f0d00000, 0x0000000100000000)
  eden space 31744K, 0% used [0x00000000ebb00000,0x00000000ebb00000,0x00000000eda00000)
  from space 2560K, 99% used [0x00000000eda00000,0x00000000edc79dd8,0x00000000edc80000)
  to   space 10240K, 0% used [0x00000000f0300000,0x00000000f0300000,0x00000000f0d00000)
 ParOldGen       total 41472K, used 18375K [0x00000000c3200000, 0x00000000c5a80000, 0x00000000ebb00000)
  object space 41472K, 44% used [0x00000000c3200000,0x00000000c43f1e58,0x00000000c5a80000)
 PSPermGen       total 21504K, used 12115K [0x00000000be000000, 0x00000000bf500000, 0x00000000c3200000)
  object space 21504K, 56% used [0x00000000be000000,0x00000000bebd4d48,0x00000000bf500000)
}

